Fitter report for design2_gudmundsson
Thu Oct 04 13:21:08 2012
Quartus II 64-Bit Version 9.1 Build 350 03/24/2010 Service Pack 2 SJ Full Version


---------------------
; Table of Contents ;
---------------------
  1. Legal Notice
  2. Fitter Summary
  3. Fitter Settings
  4. Parallel Compilation
  5. Pin-Out File
  6. Fitter Resource Usage Summary
  7. Input Pins
  8. Output Pins
  9. All Package Pins
 10. Output Pin Default Load For Reported TCO
 11. Fitter Resource Utilization by Entity
 12. Non-Global High Fan-Out Signals
 13. Interconnect Usage Summary
 14. LAB External Interconnect
 15. LAB Macrocells
 16. Logic Cell Interconnection
 17. Fitter Device Options
 18. Fitter Messages



----------------
; Legal Notice ;
----------------
Copyright (C) 1991-2010 Altera Corporation
Your use of Altera Corporation's design tools, logic functions 
and other software and tools, and its AMPP partner logic 
functions, and any output files from any of the foregoing 
(including device programming or simulation files), and any 
associated documentation or information are expressly subject 
to the terms and conditions of the Altera Program License 
Subscription Agreement, Altera MegaCore Function License 
Agreement, or other applicable license agreement, including, 
without limitation, that your use is for the sole purpose of 
programming logic devices manufactured by Altera and sold by 
Altera or its authorized distributors.  Please refer to the 
applicable agreement for further details.



+---------------------------------------------------------------------------+
; Fitter Summary                                                            ;
+---------------------------+-----------------------------------------------+
; Fitter Status             ; Successful - Thu Oct 04 13:21:08 2012         ;
; Quartus II 64-Bit Version ; 9.1 Build 350 03/24/2010 SP 2 SJ Full Version ;
; Revision Name             ; design2_gudmundsson                           ;
; Top-level Entity Name     ; design2_gudmundsson                           ;
; Family                    ; MAX7000S                                      ;
; Device                    ; EPM7128SLC84-7                                ;
; Timing Models             ; Final                                         ;
; Total macrocells          ; 7 / 128 ( 5 % )                               ;
; Total pins                ; 15 / 68 ( 22 % )                              ;
+---------------------------+-----------------------------------------------+


+-------------------------------------------------------------------------------------------------------------+
; Fitter Settings                                                                                             ;
+----------------------------------------------------------------------------+----------------+---------------+
; Option                                                                     ; Setting        ; Default Value ;
+----------------------------------------------------------------------------+----------------+---------------+
; Device                                                                     ; EPM7128SLC84-7 ;               ;
; Use smart compilation                                                      ; Off            ; Off           ;
; Enable parallel Assembler and TimeQuest Timing Analyzer during compilation ; On             ; On            ;
; Enable compact report table                                                ; Off            ; Off           ;
; Use TimeQuest Timing Analyzer                                              ; Off            ; Off           ;
; Optimize Timing for ECOs                                                   ; Off            ; Off           ;
; Regenerate full fit report during ECO compiles                             ; Off            ; Off           ;
; Optimize IOC Register Placement for Timing                                 ; On             ; On            ;
; Limit to One Fitting Attempt                                               ; Off            ; Off           ;
; Fitter Initial Placement Seed                                              ; 1              ; 1             ;
; Slow Slew Rate                                                             ; Off            ; Off           ;
; Fitter Effort                                                              ; Auto Fit       ; Auto Fit      ;
; Force Fitter to Avoid Periphery Placement Warnings                         ; Off            ; Off           ;
; Use Best Effort Settings for Compilation                                   ; Off            ; Off           ;
+----------------------------------------------------------------------------+----------------+---------------+


+------------------------------------------+
; Parallel Compilation                     ;
+----------------------------+-------------+
; Processors                 ; Number      ;
+----------------------------+-------------+
; Number detected on machine ; 4           ;
; Maximum allowed            ; 4           ;
;                            ;             ;
; Average used               ; 1.00        ;
; Maximum used               ; 1           ;
;                            ;             ;
; Usage by Processor         ; % Time Used ;
;     1 processor            ; 100.0%      ;
;     2-4 processors         ;   0.0%      ;
+----------------------------+-------------+


+--------------+
; Pin-Out File ;
+--------------+
The pin-out file can be found in Z:/ENGN3050/design2_gudmundsson/design2_gudmundsson.pin.


+------------------------------------------------------+
; Fitter Resource Usage Summary                        ;
+-----------------------------------+------------------+
; Resource                          ; Usage            ;
+-----------------------------------+------------------+
; Logic cells                       ; 7 / 128 ( 5 % )  ;
; Registers                         ; 0 / 128 ( 0 % )  ;
; Number of pterms used             ; 27               ;
; User inserted logic elements      ; 0                ;
; I/O pins                          ; 15 / 68 ( 22 % ) ;
;     -- Clock pins                 ; 0 / 2 ( 0 % )    ;
;     -- Dedicated input pins       ; 0 / 2 ( 0 % )    ;
; Global signals                    ; 0                ;
; Shareable expanders               ; 0 / 128 ( 0 % )  ;
; Parallel expanders                ; 0 / 120 ( 0 % )  ;
; Cells using turbo bit             ; 7 / 128 ( 5 % )  ;
; Maximum fan-out node              ; Y2               ;
; Maximum fan-out                   ; 7                ;
; Highest non-global fan-out signal ; Y2               ;
; Highest non-global fan-out        ; 7                ;
; Total fan-out                     ; 35               ;
; Average fan-out                   ; 1.59             ;
+-----------------------------------+------------------+


+--------------------------------------------------------------------------------------------------------------------------------------------+
; Input Pins                                                                                                                                 ;
+------+-------+----------+-----+-----------------------+--------------------+--------+----------------+--------------+----------------------+
; Name ; Pin # ; I/O Bank ; LAB ; Combinational Fan-Out ; Registered Fan-Out ; Global ; Input Register ; I/O Standard ; Location assigned by ;
+------+-------+----------+-----+-----------------------+--------------------+--------+----------------+--------------+----------------------+
; Y1   ; 36    ; --       ; 4   ; 7                     ; 0                  ; no     ; no             ; TTL          ; User                 ;
; Y2   ; 35    ; --       ; 4   ; 7                     ; 0                  ; no     ; no             ; TTL          ; User                 ;
; Y[3] ; 34    ; --       ; 4   ; 7                     ; 0                  ; no     ; no             ; TTL          ; User                 ;
; Y[4] ; 33    ; --       ; 4   ; 7                     ; 0                  ; no     ; no             ; TTL          ; User                 ;
+------+-------+----------+-----+-----------------------+--------------------+--------+----------------+--------------+----------------------+


+------------------------------------------------------------------------------------------------------------------------------------------------------------------------------------------+
; Output Pins                                                                                                                                                                              ;
+------+-------+----------+-----+-----------------+----------------+------------+---------------+--------------+----------------------+-------+----------------------+---------------------+
; Name ; Pin # ; I/O Bank ; LAB ; Output Register ; Slow Slew Rate ; Open Drain ; TRI Primitive ; I/O Standard ; Location assigned by ; Load  ; Output Enable Source ; Output Enable Group ;
+------+-------+----------+-----+-----------------+----------------+------------+---------------+--------------+----------------------+-------+----------------------+---------------------+
; A    ; 58    ; --       ; 6   ; no              ; no             ; no         ; no            ; TTL          ; User                 ; 10 pF ; -                    ; -                   ;
; B    ; 60    ; --       ; 6   ; no              ; no             ; no         ; no            ; TTL          ; User                 ; 10 pF ; -                    ; -                   ;
; C    ; 61    ; --       ; 6   ; no              ; no             ; no         ; no            ; TTL          ; User                 ; 10 pF ; -                    ; -                   ;
; D    ; 63    ; --       ; 7   ; no              ; no             ; no         ; no            ; TTL          ; User                 ; 10 pF ; -                    ; -                   ;
; E    ; 64    ; --       ; 7   ; no              ; no             ; no         ; no            ; TTL          ; User                 ; 10 pF ; -                    ; -                   ;
; F    ; 65    ; --       ; 7   ; no              ; no             ; no         ; no            ; TTL          ; User                 ; 10 pF ; -                    ; -                   ;
; G    ; 67    ; --       ; 7   ; no              ; no             ; no         ; no            ; TTL          ; User                 ; 10 pF ; -                    ; -                   ;
+------+-------+----------+-----+-----------------+----------------+------------+---------------+--------------+----------------------+-------+----------------------+---------------------+


+-------------------------------------------------------------------------------------------------------+
; All Package Pins                                                                                      ;
+----------+------------+----------+----------------+--------+--------------+---------+-----------------+
; Location ; Pad Number ; I/O Bank ; Pin Name/Usage ; Dir.   ; I/O Standard ; Voltage ; User Assignment ;
+----------+------------+----------+----------------+--------+--------------+---------+-----------------+
; 1        ; 0          ; --       ; GND+           ;        ;              ;         ;                 ;
; 2        ; 1          ; --       ; GND+           ;        ;              ;         ;                 ;
; 3        ; 2          ; --       ; VCCINT         ; power  ;              ; 5.0V    ;                 ;
; 4        ; 3          ; --       ; RESERVED       ;        ;              ;         ;                 ;
; 5        ; 4          ; --       ; RESERVED       ;        ;              ;         ;                 ;
; 6        ; 5          ; --       ; RESERVED       ;        ;              ;         ;                 ;
; 7        ; 6          ; --       ; GND            ; gnd    ;              ;         ;                 ;
; 8        ; 7          ; --       ; RESERVED       ;        ;              ;         ;                 ;
; 9        ; 8          ; --       ; RESERVED       ;        ;              ;         ;                 ;
; 10       ; 9          ; --       ; RESERVED       ;        ;              ;         ;                 ;
; 11       ; 10         ; --       ; RESERVED       ;        ;              ;         ;                 ;
; 12       ; 11         ; --       ; RESERVED       ;        ;              ;         ;                 ;
; 13       ; 12         ; --       ; VCCIO          ; power  ;              ; 5.0V    ;                 ;
; 14       ; 13         ; --       ; TDI            ; input  ; TTL          ;         ; N               ;
; 15       ; 14         ; --       ; RESERVED       ;        ;              ;         ;                 ;
; 16       ; 15         ; --       ; RESERVED       ;        ;              ;         ;                 ;
; 17       ; 16         ; --       ; RESERVED       ;        ;              ;         ;                 ;
; 18       ; 17         ; --       ; RESERVED       ;        ;              ;         ;                 ;
; 19       ; 18         ; --       ; GND            ; gnd    ;              ;         ;                 ;
; 20       ; 19         ; --       ; RESERVED       ;        ;              ;         ;                 ;
; 21       ; 20         ; --       ; RESERVED       ;        ;              ;         ;                 ;
; 22       ; 21         ; --       ; RESERVED       ;        ;              ;         ;                 ;
; 23       ; 22         ; --       ; TMS            ; input  ; TTL          ;         ; N               ;
; 24       ; 23         ; --       ; RESERVED       ;        ;              ;         ;                 ;
; 25       ; 24         ; --       ; RESERVED       ;        ;              ;         ;                 ;
; 26       ; 25         ; --       ; VCCIO          ; power  ;              ; 5.0V    ;                 ;
; 27       ; 26         ; --       ; RESERVED       ;        ;              ;         ;                 ;
; 28       ; 27         ; --       ; RESERVED       ;        ;              ;         ;                 ;
; 29       ; 28         ; --       ; RESERVED       ;        ;              ;         ;                 ;
; 30       ; 29         ; --       ; RESERVED       ;        ;              ;         ;                 ;
; 31       ; 30         ; --       ; RESERVED       ;        ;              ;         ;                 ;
; 32       ; 31         ; --       ; GND            ; gnd    ;              ;         ;                 ;
; 33       ; 32         ; --       ; Y[4]           ; input  ; TTL          ;         ; Y               ;
; 34       ; 33         ; --       ; Y[3]           ; input  ; TTL          ;         ; Y               ;
; 35       ; 34         ; --       ; Y2             ; input  ; TTL          ;         ; Y               ;
; 36       ; 35         ; --       ; Y1             ; input  ; TTL          ;         ; Y               ;
; 37       ; 36         ; --       ; RESERVED       ;        ;              ;         ;                 ;
; 38       ; 37         ; --       ; VCCIO          ; power  ;              ; 5.0V    ;                 ;
; 39       ; 38         ; --       ; RESERVED       ;        ;              ;         ;                 ;
; 40       ; 39         ; --       ; RESERVED       ;        ;              ;         ;                 ;
; 41       ; 40         ; --       ; RESERVED       ;        ;              ;         ;                 ;
; 42       ; 41         ; --       ; GND            ; gnd    ;              ;         ;                 ;
; 43       ; 42         ; --       ; VCCINT         ; power  ;              ; 5.0V    ;                 ;
; 44       ; 43         ; --       ; RESERVED       ;        ;              ;         ;                 ;
; 45       ; 44         ; --       ; RESERVED       ;        ;              ;         ;                 ;
; 46       ; 45         ; --       ; RESERVED       ;        ;              ;         ;                 ;
; 47       ; 46         ; --       ; GND            ; gnd    ;              ;         ;                 ;
; 48       ; 47         ; --       ; RESERVED       ;        ;              ;         ;                 ;
; 49       ; 48         ; --       ; RESERVED       ;        ;              ;         ;                 ;
; 50       ; 49         ; --       ; RESERVED       ;        ;              ;         ;                 ;
; 51       ; 50         ; --       ; RESERVED       ;        ;              ;         ;                 ;
; 52       ; 51         ; --       ; RESERVED       ;        ;              ;         ;                 ;
; 53       ; 52         ; --       ; VCCIO          ; power  ;              ; 5.0V    ;                 ;
; 54       ; 53         ; --       ; RESERVED       ;        ;              ;         ;                 ;
; 55       ; 54         ; --       ; RESERVED       ;        ;              ;         ;                 ;
; 56       ; 55         ; --       ; RESERVED       ;        ;              ;         ;                 ;
; 57       ; 56         ; --       ; RESERVED       ;        ;              ;         ;                 ;
; 58       ; 57         ; --       ; A              ; output ; TTL          ;         ; Y               ;
; 59       ; 58         ; --       ; GND            ; gnd    ;              ;         ;                 ;
; 60       ; 59         ; --       ; B              ; output ; TTL          ;         ; Y               ;
; 61       ; 60         ; --       ; C              ; output ; TTL          ;         ; Y               ;
; 62       ; 61         ; --       ; TCK            ; input  ; TTL          ;         ; N               ;
; 63       ; 62         ; --       ; D              ; output ; TTL          ;         ; Y               ;
; 64       ; 63         ; --       ; E              ; output ; TTL          ;         ; Y               ;
; 65       ; 64         ; --       ; F              ; output ; TTL          ;         ; Y               ;
; 66       ; 65         ; --       ; VCCIO          ; power  ;              ; 5.0V    ;                 ;
; 67       ; 66         ; --       ; G              ; output ; TTL          ;         ; Y               ;
; 68       ; 67         ; --       ; RESERVED       ;        ;              ;         ;                 ;
; 69       ; 68         ; --       ; RESERVED       ;        ;              ;         ;                 ;
; 70       ; 69         ; --       ; RESERVED       ;        ;              ;         ;                 ;
; 71       ; 70         ; --       ; TDO            ; output ; TTL          ;         ; N               ;
; 72       ; 71         ; --       ; GND            ; gnd    ;              ;         ;                 ;
; 73       ; 72         ; --       ; RESERVED       ;        ;              ;         ;                 ;
; 74       ; 73         ; --       ; RESERVED       ;        ;              ;         ;                 ;
; 75       ; 74         ; --       ; RESERVED       ;        ;              ;         ;                 ;
; 76       ; 75         ; --       ; RESERVED       ;        ;              ;         ;                 ;
; 77       ; 76         ; --       ; RESERVED       ;        ;              ;         ;                 ;
; 78       ; 77         ; --       ; VCCIO          ; power  ;              ; 5.0V    ;                 ;
; 79       ; 78         ; --       ; RESERVED       ;        ;              ;         ;                 ;
; 80       ; 79         ; --       ; RESERVED       ;        ;              ;         ;                 ;
; 81       ; 80         ; --       ; RESERVED       ;        ;              ;         ;                 ;
; 82       ; 81         ; --       ; GND            ; gnd    ;              ;         ;                 ;
; 83       ; 82         ; --       ; GND+           ;        ;              ;         ;                 ;
; 84       ; 83         ; --       ; GND+           ;        ;              ;         ;                 ;
+----------+------------+----------+----------------+--------+--------------+---------+-----------------+
Note: Pin directions (input, output or bidir) are based on device operating in user mode.


+-----------------------------------------------+
; Output Pin Default Load For Reported TCO      ;
+--------------+-------+------------------------+
; I/O Standard ; Load  ; Termination Resistance ;
+--------------+-------+------------------------+
; 3.3-V LVTTL  ; 10 pF ; Not Available          ;
; 3.3-V LVCMOS ; 10 pF ; Not Available          ;
; TTL          ; 10 pF ; Not Available          ;
+--------------+-------+------------------------+
Note: User assignments will override these defaults. The user specified values are listed in the Output Pins and Bidir Pins tables.


+-----------------------------------------------------------------------------------------------------------------------------------------------------+
; Fitter Resource Utilization by Entity                                                                                                               ;
+-----------------------------------+------------+------+------------------------------------------------------------------------------+--------------+
; Compilation Hierarchy Node        ; Macrocells ; Pins ; Full Hierarchy Name                                                          ; Library Name ;
+-----------------------------------+------------+------+------------------------------------------------------------------------------+--------------+
; |design2_gudmundsson              ; 7          ; 15   ; |design2_gudmundsson                                                         ; work         ;
;    |lpm_mux0:inst10|              ; 1          ; 0    ; |design2_gudmundsson|lpm_mux0:inst10                                         ; work         ;
;       |lpm_mux:lpm_mux_component| ; 1          ; 0    ; |design2_gudmundsson|lpm_mux0:inst10|lpm_mux:lpm_mux_component               ; work         ;
;          |muxlut:$00009|          ; 1          ; 0    ; |design2_gudmundsson|lpm_mux0:inst10|lpm_mux:lpm_mux_component|muxlut:$00009 ; work         ;
;    |lpm_mux0:inst11|              ; 1          ; 0    ; |design2_gudmundsson|lpm_mux0:inst11                                         ; work         ;
;       |lpm_mux:lpm_mux_component| ; 1          ; 0    ; |design2_gudmundsson|lpm_mux0:inst11|lpm_mux:lpm_mux_component               ; work         ;
;          |muxlut:$00009|          ; 1          ; 0    ; |design2_gudmundsson|lpm_mux0:inst11|lpm_mux:lpm_mux_component|muxlut:$00009 ; work         ;
;    |lpm_mux0:inst5|               ; 1          ; 0    ; |design2_gudmundsson|lpm_mux0:inst5                                          ; work         ;
;       |lpm_mux:lpm_mux_component| ; 1          ; 0    ; |design2_gudmundsson|lpm_mux0:inst5|lpm_mux:lpm_mux_component                ; work         ;
;          |muxlut:$00009|          ; 1          ; 0    ; |design2_gudmundsson|lpm_mux0:inst5|lpm_mux:lpm_mux_component|muxlut:$00009  ; work         ;
;    |lpm_mux0:inst6|               ; 1          ; 0    ; |design2_gudmundsson|lpm_mux0:inst6                                          ; work         ;
;       |lpm_mux:lpm_mux_component| ; 1          ; 0    ; |design2_gudmundsson|lpm_mux0:inst6|lpm_mux:lpm_mux_component                ; work         ;
;          |muxlut:$00009|          ; 1          ; 0    ; |design2_gudmundsson|lpm_mux0:inst6|lpm_mux:lpm_mux_component|muxlut:$00009  ; work         ;
;    |lpm_mux0:inst7|               ; 1          ; 0    ; |design2_gudmundsson|lpm_mux0:inst7                                          ; work         ;
;       |lpm_mux:lpm_mux_component| ; 1          ; 0    ; |design2_gudmundsson|lpm_mux0:inst7|lpm_mux:lpm_mux_component                ; work         ;
;          |muxlut:$00009|          ; 1          ; 0    ; |design2_gudmundsson|lpm_mux0:inst7|lpm_mux:lpm_mux_component|muxlut:$00009  ; work         ;
;    |lpm_mux0:inst8|               ; 1          ; 0    ; |design2_gudmundsson|lpm_mux0:inst8                                          ; work         ;
;       |lpm_mux:lpm_mux_component| ; 1          ; 0    ; |design2_gudmundsson|lpm_mux0:inst8|lpm_mux:lpm_mux_component                ; work         ;
;          |muxlut:$00009|          ; 1          ; 0    ; |design2_gudmundsson|lpm_mux0:inst8|lpm_mux:lpm_mux_component|muxlut:$00009  ; work         ;
;    |lpm_mux0:inst9|               ; 1          ; 0    ; |design2_gudmundsson|lpm_mux0:inst9                                          ; work         ;
;       |lpm_mux:lpm_mux_component| ; 1          ; 0    ; |design2_gudmundsson|lpm_mux0:inst9|lpm_mux:lpm_mux_component                ; work         ;
;          |muxlut:$00009|          ; 1          ; 0    ; |design2_gudmundsson|lpm_mux0:inst9|lpm_mux:lpm_mux_component|muxlut:$00009  ; work         ;
+-----------------------------------+------------+------+------------------------------------------------------------------------------+--------------+


+---------------------------------------------------------------------------------+
; Non-Global High Fan-Out Signals                                                 ;
+-----------------------------------------------------------------------+---------+
; Name                                                                  ; Fan-Out ;
+-----------------------------------------------------------------------+---------+
; Y[3]                                                                  ; 7       ;
; Y[4]                                                                  ; 7       ;
; Y1                                                                    ; 7       ;
; Y2                                                                    ; 7       ;
; lpm_mux0:inst5|lpm_mux:lpm_mux_component|muxlut:$00009|result_node~9  ; 1       ;
; lpm_mux0:inst10|lpm_mux:lpm_mux_component|muxlut:$00009|result_node~8 ; 1       ;
; lpm_mux0:inst8|lpm_mux:lpm_mux_component|muxlut:$00009|result_node~10 ; 1       ;
; lpm_mux0:inst6|lpm_mux:lpm_mux_component|muxlut:$00009|result_node~8  ; 1       ;
; lpm_mux0:inst7|lpm_mux:lpm_mux_component|muxlut:$00009|result_node~6  ; 1       ;
; lpm_mux0:inst11|lpm_mux:lpm_mux_component|muxlut:$00009|result_node~7 ; 1       ;
; lpm_mux0:inst9|lpm_mux:lpm_mux_component|muxlut:$00009|result_node~5  ; 1       ;
+-----------------------------------------------------------------------+---------+


+----------------------------------------------+
; Interconnect Usage Summary                   ;
+----------------------------+-----------------+
; Interconnect Resource Type ; Usage           ;
+----------------------------+-----------------+
; Output enables             ; 0 / 6 ( 0 % )   ;
; PIA buffers                ; 8 / 288 ( 3 % ) ;
; PIAs                       ; 8 / 288 ( 3 % ) ;
+----------------------------+-----------------+


+----------------------------------------------------------------------------+
; LAB External Interconnect                                                  ;
+----------------------------------------------+-----------------------------+
; LAB External Interconnects  (Average = 1.00) ; Number of LABs  (Total = 2) ;
+----------------------------------------------+-----------------------------+
; 0                                            ; 6                           ;
; 1                                            ; 0                           ;
; 2                                            ; 0                           ;
; 3                                            ; 0                           ;
; 4                                            ; 2                           ;
+----------------------------------------------+-----------------------------+


+----------------------------------------------------------------------+
; LAB Macrocells                                                       ;
+----------------------------------------+-----------------------------+
; Number of Macrocells  (Average = 0.88) ; Number of LABs  (Total = 2) ;
+----------------------------------------+-----------------------------+
; 0                                      ; 6                           ;
; 1                                      ; 0                           ;
; 2                                      ; 0                           ;
; 3                                      ; 1                           ;
; 4                                      ; 1                           ;
+----------------------------------------+-----------------------------+


+------------------------------------------------+
; Logic Cell Interconnection                     ;
+-----+------------+--------------------+--------+
; LAB ; Logic Cell ; Input              ; Output ;
+-----+------------+--------------------+--------+
;  F  ; LC94       ; Y2, Y[4], Y1, Y[3] ; C      ;
;  F  ; LC93       ; Y[4], Y2, Y[3], Y1 ; B      ;
;  F  ; LC91       ; Y[4], Y[3], Y2, Y1 ; A      ;
;  G  ; LC99       ; Y[4], Y2, Y[3], Y1 ; E      ;
;  G  ; LC104      ; Y[4], Y[3], Y2, Y1 ; G      ;
;  G  ; LC97       ; Y[4], Y[3], Y1, Y2 ; D      ;
;  G  ; LC101      ; Y[4], Y[3], Y1, Y2 ; F      ;
+-----+------------+--------------------+--------+


+---------------------------------------------------------------+
; Fitter Device Options                                         ;
+----------------------------------------------+----------------+
; Option                                       ; Setting        ;
+----------------------------------------------+----------------+
; Enable user-supplied start-up clock (CLKUSR) ; Off            ;
; Enable device-wide reset (DEV_CLRn)          ; Off            ;
; Enable device-wide output enable (DEV_OE)    ; Off            ;
; Enable INIT_DONE output                      ; Off            ;
; Configuration scheme                         ; Passive Serial ;
; Security bit                                 ; Off            ;
; Base pin-out file on sameframe device        ; Off            ;
+----------------------------------------------+----------------+


+-----------------+
; Fitter Messages ;
+-----------------+
Info: *******************************************************************
Info: Running Quartus II 64-Bit Fitter
    Info: Version 9.1 Build 350 03/24/2010 Service Pack 2 SJ Full Version
    Info: Processing started: Thu Oct 04 13:21:07 2012
Info: Command: quartus_fit --read_settings_files=off --write_settings_files=off design2_gudmundsson -c design2_gudmundsson
Info: Parallel compilation is enabled and will use 4 of the 4 processors detected
Info: Selected device EPM7128SLC84-7 for design "design2_gudmundsson"
Info: Quartus II 64-Bit Fitter was successful. 0 errors, 0 warnings
    Info: Peak virtual memory: 396 megabytes
    Info: Processing ended: Thu Oct 04 13:21:08 2012
    Info: Elapsed time: 00:00:01
    Info: Total CPU time (on all processors): 00:00:00


