Analysis & Synthesis report for design2_gudmundsson
Thu Oct 04 13:21:04 2012
Quartus II 64-Bit Version 9.1 Build 350 03/24/2010 Service Pack 2 SJ Full Version


---------------------
; Table of Contents ;
---------------------
  1. Legal Notice
  2. Analysis & Synthesis Summary
  3. Analysis & Synthesis Settings
  4. Parallel Compilation
  5. Analysis & Synthesis Source Files Read
  6. Analysis & Synthesis Resource Usage Summary
  7. Analysis & Synthesis Resource Utilization by Entity
  8. Parameter Settings for User Entity Instance: lpm_mux0:inst6|LPM_MUX:lpm_mux_component
  9. Parameter Settings for User Entity Instance: lpm_mux0:inst8|LPM_MUX:lpm_mux_component
 10. Parameter Settings for User Entity Instance: lpm_mux0:inst9|LPM_MUX:lpm_mux_component
 11. Parameter Settings for User Entity Instance: lpm_mux0:inst10|LPM_MUX:lpm_mux_component
 12. Parameter Settings for User Entity Instance: lpm_mux0:inst11|LPM_MUX:lpm_mux_component
 13. Parameter Settings for User Entity Instance: lpm_mux0:inst7|LPM_MUX:lpm_mux_component
 14. Parameter Settings for User Entity Instance: lpm_mux0:inst5|LPM_MUX:lpm_mux_component
 15. Analysis & Synthesis Messages



----------------
; Legal Notice ;
----------------
Copyright (C) 1991-2010 Altera Corporation
Your use of Altera Corporation's design tools, logic functions 
and other software and tools, and its AMPP partner logic 
functions, and any output files from any of the foregoing 
(including device programming or simulation files), and any 
associated documentation or information are expressly subject 
to the terms and conditions of the Altera Program License 
Subscription Agreement, Altera MegaCore Function License 
Agreement, or other applicable license agreement, including, 
without limitation, that your use is for the sole purpose of 
programming logic devices manufactured by Altera and sold by 
Altera or its authorized distributors.  Please refer to the 
applicable agreement for further details.



+-----------------------------------------------------------------------------+
; Analysis & Synthesis Summary                                                ;
+-----------------------------+-----------------------------------------------+
; Analysis & Synthesis Status ; Successful - Thu Oct 04 13:21:04 2012         ;
; Quartus II 64-Bit Version   ; 9.1 Build 350 03/24/2010 SP 2 SJ Full Version ;
; Revision Name               ; design2_gudmundsson                           ;
; Top-level Entity Name       ; design2_gudmundsson                           ;
; Family                      ; MAX7000S                                      ;
; Total macrocells            ; 7                                             ;
; Total pins                  ; 11                                            ;
+-----------------------------+-----------------------------------------------+


+------------------------------------------------------------------------------------------------------------------------+
; Analysis & Synthesis Settings                                                                                          ;
+----------------------------------------------------------------------------+---------------------+---------------------+
; Option                                                                     ; Setting             ; Default Value       ;
+----------------------------------------------------------------------------+---------------------+---------------------+
; Device                                                                     ; EPM7128SLC84-7      ;                     ;
; Top-level entity name                                                      ; design2_gudmundsson ; design2_gudmundsson ;
; Family name                                                                ; MAX7000S            ; Stratix II          ;
; Use Generated Physical Constraints File                                    ; Off                 ;                     ;
; Use smart compilation                                                      ; Off                 ; Off                 ;
; Enable parallel Assembler and TimeQuest Timing Analyzer during compilation ; On                  ; On                  ;
; Enable compact report table                                                ; Off                 ; Off                 ;
; Create Debugging Nodes for IP Cores                                        ; Off                 ; Off                 ;
; Preserve fewer node names                                                  ; On                  ; On                  ;
; Disable OpenCore Plus hardware evaluation                                  ; Off                 ; Off                 ;
; Verilog Version                                                            ; Verilog_2001        ; Verilog_2001        ;
; VHDL Version                                                               ; VHDL_1993           ; VHDL_1993           ;
; State Machine Processing                                                   ; Auto                ; Auto                ;
; Safe State Machine                                                         ; Off                 ; Off                 ;
; Extract Verilog State Machines                                             ; On                  ; On                  ;
; Extract VHDL State Machines                                                ; On                  ; On                  ;
; Ignore Verilog initial constructs                                          ; Off                 ; Off                 ;
; Iteration limit for constant Verilog loops                                 ; 5000                ; 5000                ;
; Iteration limit for non-constant Verilog loops                             ; 250                 ; 250                 ;
; Add Pass-Through Logic to Inferred RAMs                                    ; On                  ; On                  ;
; Parallel Synthesis                                                         ; On                  ; On                  ;
; NOT Gate Push-Back                                                         ; On                  ; On                  ;
; Power-Up Don't Care                                                        ; On                  ; On                  ;
; Remove Duplicate Registers                                                 ; On                  ; On                  ;
; Ignore CARRY Buffers                                                       ; Off                 ; Off                 ;
; Ignore CASCADE Buffers                                                     ; Off                 ; Off                 ;
; Ignore GLOBAL Buffers                                                      ; Off                 ; Off                 ;
; Ignore ROW GLOBAL Buffers                                                  ; Off                 ; Off                 ;
; Ignore LCELL Buffers                                                       ; Auto                ; Auto                ;
; Ignore SOFT Buffers                                                        ; Off                 ; Off                 ;
; Limit AHDL Integers to 32 Bits                                             ; Off                 ; Off                 ;
; Optimization Technique                                                     ; Speed               ; Speed               ;
; Allow XOR Gate Usage                                                       ; On                  ; On                  ;
; Auto Logic Cell Insertion                                                  ; On                  ; On                  ;
; Parallel Expander Chain Length                                             ; 4                   ; 4                   ;
; Auto Parallel Expanders                                                    ; On                  ; On                  ;
; Auto Open-Drain Pins                                                       ; On                  ; On                  ;
; Auto Resource Sharing                                                      ; Off                 ; Off                 ;
; Maximum Fan-in Per Macrocell                                               ; 100                 ; 100                 ;
; Use LogicLock Constraints during Resource Balancing                        ; On                  ; On                  ;
; Ignore translate_off and synthesis_off directives                          ; Off                 ; Off                 ;
; Show Parameter Settings Tables in Synthesis Report                         ; On                  ; On                  ;
; HDL message level                                                          ; Level2              ; Level2              ;
; Suppress Register Optimization Related Messages                            ; Off                 ; Off                 ;
; Number of Removed Registers Reported in Synthesis Report                   ; 5000                ; 5000                ;
; Number of Inverted Registers Reported in Synthesis Report                  ; 100                 ; 100                 ;
; Block Design Naming                                                        ; Auto                ; Auto                ;
; Synthesis Effort                                                           ; Auto                ; Auto                ;
; Shift Register Replacement - Allow Asynchronous Clear Signal               ; On                  ; On                  ;
; Analysis & Synthesis Message Level                                         ; Medium              ; Medium              ;
; Disable Register Merging Across Hierarchies                                ; Auto                ; Auto                ;
+----------------------------------------------------------------------------+---------------------+---------------------+


+------------------------------------------+
; Parallel Compilation                     ;
+----------------------------+-------------+
; Processors                 ; Number      ;
+----------------------------+-------------+
; Number detected on machine ; 4           ;
; Maximum allowed            ; 4           ;
;                            ;             ;
; Average used               ; 1.00        ;
; Maximum used               ; 1           ;
;                            ;             ;
; Usage by Processor         ; % Time Used ;
;     1 processor            ; 100.0%      ;
;     2-4 processors         ;   0.0%      ;
+----------------------------+-------------+


+-----------------------------------------------------------------------------------------------------------------------------------------------------+
; Analysis & Synthesis Source Files Read                                                                                                              ;
+----------------------------------+-----------------+------------------------------------+-----------------------------------------------------------+
; File Name with User-Entered Path ; Used in Netlist ; File Type                          ; File Name with Absolute Path                              ;
+----------------------------------+-----------------+------------------------------------+-----------------------------------------------------------+
; lpm_mux0.vhd                     ; yes             ; User Wizard-Generated File         ; Z:/ENGN3050/design2_gudmundsson/lpm_mux0.vhd              ;
; design2_gudmundsson.bdf          ; yes             ; User Block Diagram/Schematic File  ; Z:/ENGN3050/design2_gudmundsson/design2_gudmundsson.bdf   ;
; lpm_mux.tdf                      ; yes             ; Megafunction                       ; c:/altera/91/quartus/libraries/megafunctions/lpm_mux.tdf  ;
; altshift.tdf                     ; yes             ; Megafunction                       ; c:/altera/91/quartus/libraries/megafunctions/altshift.tdf ;
; muxlut.tdf                       ; yes             ; Megafunction                       ; c:/altera/91/quartus/libraries/megafunctions/muxlut.tdf   ;
+----------------------------------+-----------------+------------------------------------+-----------------------------------------------------------+


+---------------------------------------------+
; Analysis & Synthesis Resource Usage Summary ;
+----------------------+----------------------+
; Resource             ; Usage                ;
+----------------------+----------------------+
; Logic cells          ; 7                    ;
; Total registers      ; 0                    ;
; I/O pins             ; 11                   ;
; Maximum fan-out node ; Y2                   ;
; Maximum fan-out      ; 7                    ;
; Total fan-out        ; 35                   ;
; Average fan-out      ; 1.94                 ;
+----------------------+----------------------+


+-----------------------------------------------------------------------------------------------------------------------------------------------------+
; Analysis & Synthesis Resource Utilization by Entity                                                                                                 ;
+-----------------------------------+------------+------+------------------------------------------------------------------------------+--------------+
; Compilation Hierarchy Node        ; Macrocells ; Pins ; Full Hierarchy Name                                                          ; Library Name ;
+-----------------------------------+------------+------+------------------------------------------------------------------------------+--------------+
; |design2_gudmundsson              ; 7          ; 11   ; |design2_gudmundsson                                                         ; work         ;
;    |lpm_mux0:inst10|              ; 1          ; 0    ; |design2_gudmundsson|lpm_mux0:inst10                                         ; work         ;
;       |lpm_mux:lpm_mux_component| ; 1          ; 0    ; |design2_gudmundsson|lpm_mux0:inst10|lpm_mux:lpm_mux_component               ; work         ;
;          |muxlut:$00009|          ; 1          ; 0    ; |design2_gudmundsson|lpm_mux0:inst10|lpm_mux:lpm_mux_component|muxlut:$00009 ; work         ;
;    |lpm_mux0:inst11|              ; 1          ; 0    ; |design2_gudmundsson|lpm_mux0:inst11                                         ; work         ;
;       |lpm_mux:lpm_mux_component| ; 1          ; 0    ; |design2_gudmundsson|lpm_mux0:inst11|lpm_mux:lpm_mux_component               ; work         ;
;          |muxlut:$00009|          ; 1          ; 0    ; |design2_gudmundsson|lpm_mux0:inst11|lpm_mux:lpm_mux_component|muxlut:$00009 ; work         ;
;    |lpm_mux0:inst5|               ; 1          ; 0    ; |design2_gudmundsson|lpm_mux0:inst5                                          ; work         ;
;       |lpm_mux:lpm_mux_component| ; 1          ; 0    ; |design2_gudmundsson|lpm_mux0:inst5|lpm_mux:lpm_mux_component                ; work         ;
;          |muxlut:$00009|          ; 1          ; 0    ; |design2_gudmundsson|lpm_mux0:inst5|lpm_mux:lpm_mux_component|muxlut:$00009  ; work         ;
;    |lpm_mux0:inst6|               ; 1          ; 0    ; |design2_gudmundsson|lpm_mux0:inst6                                          ; work         ;
;       |lpm_mux:lpm_mux_component| ; 1          ; 0    ; |design2_gudmundsson|lpm_mux0:inst6|lpm_mux:lpm_mux_component                ; work         ;
;          |muxlut:$00009|          ; 1          ; 0    ; |design2_gudmundsson|lpm_mux0:inst6|lpm_mux:lpm_mux_component|muxlut:$00009  ; work         ;
;    |lpm_mux0:inst7|               ; 1          ; 0    ; |design2_gudmundsson|lpm_mux0:inst7                                          ; work         ;
;       |lpm_mux:lpm_mux_component| ; 1          ; 0    ; |design2_gudmundsson|lpm_mux0:inst7|lpm_mux:lpm_mux_component                ; work         ;
;          |muxlut:$00009|          ; 1          ; 0    ; |design2_gudmundsson|lpm_mux0:inst7|lpm_mux:lpm_mux_component|muxlut:$00009  ; work         ;
;    |lpm_mux0:inst8|               ; 1          ; 0    ; |design2_gudmundsson|lpm_mux0:inst8                                          ; work         ;
;       |lpm_mux:lpm_mux_component| ; 1          ; 0    ; |design2_gudmundsson|lpm_mux0:inst8|lpm_mux:lpm_mux_component                ; work         ;
;          |muxlut:$00009|          ; 1          ; 0    ; |design2_gudmundsson|lpm_mux0:inst8|lpm_mux:lpm_mux_component|muxlut:$00009  ; work         ;
;    |lpm_mux0:inst9|               ; 1          ; 0    ; |design2_gudmundsson|lpm_mux0:inst9                                          ; work         ;
;       |lpm_mux:lpm_mux_component| ; 1          ; 0    ; |design2_gudmundsson|lpm_mux0:inst9|lpm_mux:lpm_mux_component                ; work         ;
;          |muxlut:$00009|          ; 1          ; 0    ; |design2_gudmundsson|lpm_mux0:inst9|lpm_mux:lpm_mux_component|muxlut:$00009  ; work         ;
+-----------------------------------+------------+------+------------------------------------------------------------------------------+--------------+


+---------------------------------------------------------------------------------------+
; Parameter Settings for User Entity Instance: lpm_mux0:inst6|LPM_MUX:lpm_mux_component ;
+------------------------+----------+---------------------------------------------------+
; Parameter Name         ; Value    ; Type                                              ;
+------------------------+----------+---------------------------------------------------+
; AUTO_CARRY_CHAINS      ; ON       ; AUTO_CARRY                                        ;
; IGNORE_CARRY_BUFFERS   ; OFF      ; IGNORE_CARRY                                      ;
; AUTO_CASCADE_CHAINS    ; ON       ; AUTO_CASCADE                                      ;
; IGNORE_CASCADE_BUFFERS ; OFF      ; IGNORE_CASCADE                                    ;
; LPM_WIDTH              ; 1        ; Signed Integer                                    ;
; LPM_SIZE               ; 4        ; Signed Integer                                    ;
; LPM_WIDTHS             ; 2        ; Signed Integer                                    ;
; LPM_PIPELINE           ; 0        ; Signed Integer                                    ;
; CBXI_PARAMETER         ; mux_4od  ; Untyped                                           ;
; DEVICE_FAMILY          ; MAX7000S ; Untyped                                           ;
+------------------------+----------+---------------------------------------------------+
Note: In order to hide this table in the UI and the text report file, please set the "Show Parameter Settings Tables in Synthesis Report" option in "Analysis and Synthesis Settings -> More Settings" to "Off".


+---------------------------------------------------------------------------------------+
; Parameter Settings for User Entity Instance: lpm_mux0:inst8|LPM_MUX:lpm_mux_component ;
+------------------------+----------+---------------------------------------------------+
; Parameter Name         ; Value    ; Type                                              ;
+------------------------+----------+---------------------------------------------------+
; AUTO_CARRY_CHAINS      ; ON       ; AUTO_CARRY                                        ;
; IGNORE_CARRY_BUFFERS   ; OFF      ; IGNORE_CARRY                                      ;
; AUTO_CASCADE_CHAINS    ; ON       ; AUTO_CASCADE                                      ;
; IGNORE_CASCADE_BUFFERS ; OFF      ; IGNORE_CASCADE                                    ;
; LPM_WIDTH              ; 1        ; Signed Integer                                    ;
; LPM_SIZE               ; 4        ; Signed Integer                                    ;
; LPM_WIDTHS             ; 2        ; Signed Integer                                    ;
; LPM_PIPELINE           ; 0        ; Signed Integer                                    ;
; CBXI_PARAMETER         ; mux_4od  ; Untyped                                           ;
; DEVICE_FAMILY          ; MAX7000S ; Untyped                                           ;
+------------------------+----------+---------------------------------------------------+
Note: In order to hide this table in the UI and the text report file, please set the "Show Parameter Settings Tables in Synthesis Report" option in "Analysis and Synthesis Settings -> More Settings" to "Off".


+---------------------------------------------------------------------------------------+
; Parameter Settings for User Entity Instance: lpm_mux0:inst9|LPM_MUX:lpm_mux_component ;
+------------------------+----------+---------------------------------------------------+
; Parameter Name         ; Value    ; Type                                              ;
+------------------------+----------+---------------------------------------------------+
; AUTO_CARRY_CHAINS      ; ON       ; AUTO_CARRY                                        ;
; IGNORE_CARRY_BUFFERS   ; OFF      ; IGNORE_CARRY                                      ;
; AUTO_CASCADE_CHAINS    ; ON       ; AUTO_CASCADE                                      ;
; IGNORE_CASCADE_BUFFERS ; OFF      ; IGNORE_CASCADE                                    ;
; LPM_WIDTH              ; 1        ; Signed Integer                                    ;
; LPM_SIZE               ; 4        ; Signed Integer                                    ;
; LPM_WIDTHS             ; 2        ; Signed Integer                                    ;
; LPM_PIPELINE           ; 0        ; Signed Integer                                    ;
; CBXI_PARAMETER         ; mux_4od  ; Untyped                                           ;
; DEVICE_FAMILY          ; MAX7000S ; Untyped                                           ;
+------------------------+----------+---------------------------------------------------+
Note: In order to hide this table in the UI and the text report file, please set the "Show Parameter Settings Tables in Synthesis Report" option in "Analysis and Synthesis Settings -> More Settings" to "Off".


+----------------------------------------------------------------------------------------+
; Parameter Settings for User Entity Instance: lpm_mux0:inst10|LPM_MUX:lpm_mux_component ;
+------------------------+----------+----------------------------------------------------+
; Parameter Name         ; Value    ; Type                                               ;
+------------------------+----------+----------------------------------------------------+
; AUTO_CARRY_CHAINS      ; ON       ; AUTO_CARRY                                         ;
; IGNORE_CARRY_BUFFERS   ; OFF      ; IGNORE_CARRY                                       ;
; AUTO_CASCADE_CHAINS    ; ON       ; AUTO_CASCADE                                       ;
; IGNORE_CASCADE_BUFFERS ; OFF      ; IGNORE_CASCADE                                     ;
; LPM_WIDTH              ; 1        ; Signed Integer                                     ;
; LPM_SIZE               ; 4        ; Signed Integer                                     ;
; LPM_WIDTHS             ; 2        ; Signed Integer                                     ;
; LPM_PIPELINE           ; 0        ; Signed Integer                                     ;
; CBXI_PARAMETER         ; mux_4od  ; Untyped                                            ;
; DEVICE_FAMILY          ; MAX7000S ; Untyped                                            ;
+------------------------+----------+----------------------------------------------------+
Note: In order to hide this table in the UI and the text report file, please set the "Show Parameter Settings Tables in Synthesis Report" option in "Analysis and Synthesis Settings -> More Settings" to "Off".


+----------------------------------------------------------------------------------------+
; Parameter Settings for User Entity Instance: lpm_mux0:inst11|LPM_MUX:lpm_mux_component ;
+------------------------+----------+----------------------------------------------------+
; Parameter Name         ; Value    ; Type                                               ;
+------------------------+----------+----------------------------------------------------+
; AUTO_CARRY_CHAINS      ; ON       ; AUTO_CARRY                                         ;
; IGNORE_CARRY_BUFFERS   ; OFF      ; IGNORE_CARRY                                       ;
; AUTO_CASCADE_CHAINS    ; ON       ; AUTO_CASCADE                                       ;
; IGNORE_CASCADE_BUFFERS ; OFF      ; IGNORE_CASCADE                                     ;
; LPM_WIDTH              ; 1        ; Signed Integer                                     ;
; LPM_SIZE               ; 4        ; Signed Integer                                     ;
; LPM_WIDTHS             ; 2        ; Signed Integer                                     ;
; LPM_PIPELINE           ; 0        ; Signed Integer                                     ;
; CBXI_PARAMETER         ; mux_4od  ; Untyped                                            ;
; DEVICE_FAMILY          ; MAX7000S ; Untyped                                            ;
+------------------------+----------+----------------------------------------------------+
Note: In order to hide this table in the UI and the text report file, please set the "Show Parameter Settings Tables in Synthesis Report" option in "Analysis and Synthesis Settings -> More Settings" to "Off".


+---------------------------------------------------------------------------------------+
; Parameter Settings for User Entity Instance: lpm_mux0:inst7|LPM_MUX:lpm_mux_component ;
+------------------------+----------+---------------------------------------------------+
; Parameter Name         ; Value    ; Type                                              ;
+------------------------+----------+---------------------------------------------------+
; AUTO_CARRY_CHAINS      ; ON       ; AUTO_CARRY                                        ;
; IGNORE_CARRY_BUFFERS   ; OFF      ; IGNORE_CARRY                                      ;
; AUTO_CASCADE_CHAINS    ; ON       ; AUTO_CASCADE                                      ;
; IGNORE_CASCADE_BUFFERS ; OFF      ; IGNORE_CASCADE                                    ;
; LPM_WIDTH              ; 1        ; Signed Integer                                    ;
; LPM_SIZE               ; 4        ; Signed Integer                                    ;
; LPM_WIDTHS             ; 2        ; Signed Integer                                    ;
; LPM_PIPELINE           ; 0        ; Signed Integer                                    ;
; CBXI_PARAMETER         ; mux_4od  ; Untyped                                           ;
; DEVICE_FAMILY          ; MAX7000S ; Untyped                                           ;
+------------------------+----------+---------------------------------------------------+
Note: In order to hide this table in the UI and the text report file, please set the "Show Parameter Settings Tables in Synthesis Report" option in "Analysis and Synthesis Settings -> More Settings" to "Off".


+---------------------------------------------------------------------------------------+
; Parameter Settings for User Entity Instance: lpm_mux0:inst5|LPM_MUX:lpm_mux_component ;
+------------------------+----------+---------------------------------------------------+
; Parameter Name         ; Value    ; Type                                              ;
+------------------------+----------+---------------------------------------------------+
; AUTO_CARRY_CHAINS      ; ON       ; AUTO_CARRY                                        ;
; IGNORE_CARRY_BUFFERS   ; OFF      ; IGNORE_CARRY                                      ;
; AUTO_CASCADE_CHAINS    ; ON       ; AUTO_CASCADE                                      ;
; IGNORE_CASCADE_BUFFERS ; OFF      ; IGNORE_CASCADE                                    ;
; LPM_WIDTH              ; 1        ; Signed Integer                                    ;
; LPM_SIZE               ; 4        ; Signed Integer                                    ;
; LPM_WIDTHS             ; 2        ; Signed Integer                                    ;
; LPM_PIPELINE           ; 0        ; Signed Integer                                    ;
; CBXI_PARAMETER         ; mux_4od  ; Untyped                                           ;
; DEVICE_FAMILY          ; MAX7000S ; Untyped                                           ;
+------------------------+----------+---------------------------------------------------+
Note: In order to hide this table in the UI and the text report file, please set the "Show Parameter Settings Tables in Synthesis Report" option in "Analysis and Synthesis Settings -> More Settings" to "Off".


+-------------------------------+
; Analysis & Synthesis Messages ;
+-------------------------------+
Info: *******************************************************************
Info: Running Quartus II 64-Bit Analysis & Synthesis
    Info: Version 9.1 Build 350 03/24/2010 Service Pack 2 SJ Full Version
    Info: Processing started: Thu Oct 04 13:21:00 2012
Info: Command: quartus_map --read_settings_files=on --write_settings_files=off design2_gudmundsson -c design2_gudmundsson
Info: Parallel compilation is enabled and will use 4 of the 4 processors detected
Info: Found 2 design units, including 1 entities, in source file lpm_mux0.vhd
    Info: Found design unit 1: lpm_mux0-SYN
    Info: Found entity 1: lpm_mux0
Info: Found 1 design units, including 1 entities, in source file design2_gudmundsson.bdf
    Info: Found entity 1: design2_gudmundsson
Info: Elaborating entity "design2_gudmundsson" for the top level hierarchy
Info: Elaborating entity "lpm_mux0" for hierarchy "lpm_mux0:inst6"
Info: Elaborating entity "LPM_MUX" for hierarchy "lpm_mux0:inst6|LPM_MUX:lpm_mux_component"
Info: Elaborated megafunction instantiation "lpm_mux0:inst6|LPM_MUX:lpm_mux_component"
Info: Instantiated megafunction "lpm_mux0:inst6|LPM_MUX:lpm_mux_component" with the following parameter:
    Info: Parameter "LPM_WIDTH" = "1"
    Info: Parameter "LPM_SIZE" = "4"
    Info: Parameter "LPM_WIDTHS" = "2"
    Info: Parameter "LPM_PIPELINE" = "0"
    Info: Parameter "LPM_TYPE" = "LPM_MUX"
    Info: Parameter "LPM_HINT" = "UNUSED"
Info: Elaborating entity "altshift" for hierarchy "lpm_mux0:inst6|LPM_MUX:lpm_mux_component|altshift:external_latency_ffs"
Info: Elaborated megafunction instantiation "lpm_mux0:inst6|LPM_MUX:lpm_mux_component|altshift:external_latency_ffs", which is child of megafunction instantiation "lpm_mux0:inst6|LPM_MUX:lpm_mux_component"
Info: Elaborating entity "muxlut" for hierarchy "lpm_mux0:inst6|LPM_MUX:lpm_mux_component|muxlut:$00009"
Info: Elaborated megafunction instantiation "lpm_mux0:inst6|LPM_MUX:lpm_mux_component|muxlut:$00009", which is child of megafunction instantiation "lpm_mux0:inst6|LPM_MUX:lpm_mux_component"
Info: Implemented 18 device resources after synthesis - the final resource count might be different
    Info: Implemented 4 input pins
    Info: Implemented 7 output pins
    Info: Implemented 7 macrocells
Info: Quartus II 64-Bit Analysis & Synthesis was successful. 0 errors, 0 warnings
    Info: Peak virtual memory: 374 megabytes
    Info: Processing ended: Thu Oct 04 13:21:05 2012
    Info: Elapsed time: 00:00:05
    Info: Total CPU time (on all processors): 00:00:02


