Flow report for designtemplate
Thu May 02 10:47:41 2013
Quartus II 64-Bit Version 9.1 Build 350 03/24/2010 Service Pack 2 SJ Full Version


---------------------
; Table of Contents ;
---------------------
  1. Legal Notice
  2. Flow Summary
  3. Flow Settings
  4. Flow Non-Default Global Settings
  5. Flow Elapsed Time
  6. Flow OS Summary
  7. Flow Log



----------------
; Legal Notice ;
----------------
Copyright (C) 1991-2010 Altera Corporation
Your use of Altera Corporation's design tools, logic functions 
and other software and tools, and its AMPP partner logic 
functions, and any output files from any of the foregoing 
(including device programming or simulation files), and any 
associated documentation or information are expressly subject 
to the terms and conditions of the Altera Program License 
Subscription Agreement, Altera MegaCore Function License 
Agreement, or other applicable license agreement, including, 
without limitation, that your use is for the sole purpose of 
programming logic devices manufactured by Altera and sold by 
Altera or its authorized distributors.  Please refer to the 
applicable agreement for further details.



+---------------------------------------------------------------------------+
; Flow Summary                                                              ;
+---------------------------+-----------------------------------------------+
; Flow Status               ; Successful - Thu May 02 10:47:41 2013         ;
; Quartus II 64-Bit Version ; 9.1 Build 350 03/24/2010 SP 2 SJ Full Version ;
; Revision Name             ; designtemplate                                ;
; Top-level Entity Name     ; designtemplate                                ;
; Family                    ; MAX7000S                                      ;
; Device                    ; EPM7128SLC84-7                                ;
; Timing Models             ; Final                                         ;
; Met timing requirements   ; Yes                                           ;
; Total macrocells          ; 38 / 128 ( 30 % )                             ;
; Total pins                ; 12 / 68 ( 18 % )                              ;
+---------------------------+-----------------------------------------------+


+-----------------------------------------+
; Flow Settings                           ;
+-------------------+---------------------+
; Option            ; Setting             ;
+-------------------+---------------------+
; Start date & time ; 05/02/2013 10:47:12 ;
; Main task         ; Compilation         ;
; Revision Name     ; designtemplate      ;
+-------------------+---------------------+


+-----------------------------------------------------------------------------------------------------------------------------------------------------------------------+
; Flow Non-Default Global Settings                                                                                                                                      ;
+-----------------------+----------------------------------------------------------------------------------------------------+---------------+-------------+------------+
; Assignment Name       ; Value                                                                                              ; Default Value ; Entity Name ; Section Id ;
+-----------------------+----------------------------------------------------------------------------------------------------+---------------+-------------+------------+
; COMPILER_SIGNATURE_ID ; 48549626552421.136750603206088                                                                     ; --            ; --          ; --         ;
; MISC_FILE             ; K:/ENGN3050/Design Assignments/New/clocked_counter_with_BCD_to_7_segment_output/designtemplate.dpf ; --            ; --          ; --         ;
; MISC_FILE             ; Z:/ENGN3050/clocked_counter_with_BCD_to_7_segment_output/designtemplate.dpf                        ; --            ; --          ; --         ;
+-----------------------+----------------------------------------------------------------------------------------------------+---------------+-------------+------------+


+-----------------------------------------------------------------------------------------------------------------------------+
; Flow Elapsed Time                                                                                                           ;
+-------------------------+--------------+-------------------------+---------------------+------------------------------------+
; Module Name             ; Elapsed Time ; Average Processors Used ; Peak Virtual Memory ; Total CPU Time (on all processors) ;
+-------------------------+--------------+-------------------------+---------------------+------------------------------------+
; Analysis & Synthesis    ; 00:00:15     ; 1.0                     ; 386 MB              ; 00:00:03                           ;
; Fitter                  ; 00:00:02     ; 1.0                     ; 362 MB              ; 00:00:00                           ;
; Assembler               ; 00:00:02     ; 1.0                     ; 268 MB              ; 00:00:00                           ;
; Classic Timing Analyzer ; 00:00:02     ; 1.0                     ; 262 MB              ; 00:00:00                           ;
; Total                   ; 00:00:21     ; --                      ; --                  ; 00:00:03                           ;
+-------------------------+--------------+-------------------------+---------------------+------------------------------------+


+------------------------------------------------------------------------------------------+
; Flow OS Summary                                                                          ;
+-------------------------+------------------+---------------+------------+----------------+
; Module Name             ; Machine Hostname ; OS Name       ; OS Version ; Processor type ;
+-------------------------+------------------+---------------+------------+----------------+
; Analysis & Synthesis    ; PVDACD515-08     ; Windows Vista ; 6.1        ; x86_64         ;
; Fitter                  ; PVDACD515-08     ; Windows Vista ; 6.1        ; x86_64         ;
; Assembler               ; PVDACD515-08     ; Windows Vista ; 6.1        ; x86_64         ;
; Classic Timing Analyzer ; PVDACD515-08     ; Windows Vista ; 6.1        ; x86_64         ;
+-------------------------+------------------+---------------+------------+----------------+


------------
; Flow Log ;
------------
quartus_map --read_settings_files=on --write_settings_files=off designtemplate -c designtemplate
quartus_fit --read_settings_files=off --write_settings_files=off designtemplate -c designtemplate
quartus_asm --read_settings_files=off --write_settings_files=off designtemplate -c designtemplate
quartus_tan --read_settings_files=off --write_settings_files=off designtemplate -c designtemplate



