Analysis & Synthesis report for tutorial3
Thu Nov 08 12:20:47 2012
Quartus II Version 9.0 Build 235 06/17/2009 Service Pack 2 SJ Full Version


---------------------
; Table of Contents ;
---------------------
  1. Legal Notice
  2. Analysis & Synthesis Summary
  3. Analysis & Synthesis Settings
  4. Analysis & Synthesis Source Files Read
  5. Source assignments for lpm_counter0:inst|lpm_counter:lpm_counter_component
  6. Parameter Settings for User Entity Instance: BCD7SEG:BCD7SEG_1|lpm_mux0:inst|lpm_mux:lpm_mux_component
  7. Parameter Settings for User Entity Instance: BCD7SEG:BCD7SEG_1|lpm_mux0:inst4|lpm_mux:lpm_mux_component
  8. Parameter Settings for User Entity Instance: BCD7SEG:BCD7SEG_1|lpm_mux0:inst9|lpm_mux:lpm_mux_component
  9. Parameter Settings for User Entity Instance: BCD7SEG:BCD7SEG_1|lpm_mux0:inst14|lpm_mux:lpm_mux_component
 10. Parameter Settings for User Entity Instance: BCD7SEG:BCD7SEG_1|lpm_mux0:inst19|lpm_mux:lpm_mux_component
 11. Parameter Settings for User Entity Instance: BCD7SEG:BCD7SEG_1|lpm_mux0:inst20|lpm_mux:lpm_mux_component
 12. Parameter Settings for User Entity Instance: BCD7SEG:BCD7SEG_1|lpm_mux0:inst25|lpm_mux:lpm_mux_component
 13. Parameter Settings for User Entity Instance: lpm_counter0:inst|lpm_counter:lpm_counter_component
 14. Analysis & Synthesis Messages



----------------
; Legal Notice ;
----------------
Copyright (C) 1991-2009 Altera Corporation
Your use of Altera Corporation's design tools, logic functions 
and other software and tools, and its AMPP partner logic 
functions, and any output files from any of the foregoing 
(including device programming or simulation files), and any 
associated documentation or information are expressly subject 
to the terms and conditions of the Altera Program License 
Subscription Agreement, Altera MegaCore Function License 
Agreement, or other applicable license agreement, including, 
without limitation, that your use is for the sole purpose of 
programming logic devices manufactured by Altera and sold by 
Altera or its authorized distributors.  Please refer to the 
applicable agreement for further details.



+-----------------------------------------------------------------------------+
; Analysis & Synthesis Summary                                                ;
+-----------------------------+-----------------------------------------------+
; Analysis & Synthesis Status ; Failed - Thu Nov 08 12:20:47 2012             ;
; Quartus II Version          ; 9.0 Build 235 06/17/2009 SP 2 SJ Full Version ;
; Revision Name               ; tutorial3                                     ;
; Top-level Entity Name       ; tutorial3                                     ;
; Family                      ; MAX7000S                                      ;
+-----------------------------+-----------------------------------------------+


+-----------------------------------------------------------------------------------------------+
; Analysis & Synthesis Settings                                                                 ;
+--------------------------------------------------------------+----------------+---------------+
; Option                                                       ; Setting        ; Default Value ;
+--------------------------------------------------------------+----------------+---------------+
; Device                                                       ; EPM7128SLC84-7 ;               ;
; Top-level entity name                                        ; tutorial3      ; tutorial3     ;
; Family name                                                  ; MAX7000S       ; Stratix II    ;
; Use Generated Physical Constraints File                      ; Off            ;               ;
; Use smart compilation                                        ; Off            ; Off           ;
; Create Debugging Nodes for IP Cores                          ; Off            ; Off           ;
; Preserve fewer node names                                    ; On             ; On            ;
; Disable OpenCore Plus hardware evaluation                    ; Off            ; Off           ;
; Verilog Version                                              ; Verilog_2001   ; Verilog_2001  ;
; VHDL Version                                                 ; VHDL93         ; VHDL93        ;
; State Machine Processing                                     ; Auto           ; Auto          ;
; Safe State Machine                                           ; Off            ; Off           ;
; Extract Verilog State Machines                               ; On             ; On            ;
; Extract VHDL State Machines                                  ; On             ; On            ;
; Ignore Verilog initial constructs                            ; Off            ; Off           ;
; Iteration limit for constant Verilog loops                   ; 5000           ; 5000          ;
; Iteration limit for non-constant Verilog loops               ; 250            ; 250           ;
; Add Pass-Through Logic to Inferred RAMs                      ; On             ; On            ;
; Parallel Synthesis                                           ; Off            ; Off           ;
; NOT Gate Push-Back                                           ; On             ; On            ;
; Power-Up Don't Care                                          ; On             ; On            ;
; Remove Duplicate Registers                                   ; On             ; On            ;
; Ignore CARRY Buffers                                         ; Off            ; Off           ;
; Ignore CASCADE Buffers                                       ; Off            ; Off           ;
; Ignore GLOBAL Buffers                                        ; Off            ; Off           ;
; Ignore ROW GLOBAL Buffers                                    ; Off            ; Off           ;
; Ignore LCELL Buffers                                         ; Auto           ; Auto          ;
; Ignore SOFT Buffers                                          ; Off            ; Off           ;
; Limit AHDL Integers to 32 Bits                               ; Off            ; Off           ;
; Optimization Technique                                       ; Speed          ; Speed         ;
; Allow XOR Gate Usage                                         ; On             ; On            ;
; Auto Logic Cell Insertion                                    ; On             ; On            ;
; Parallel Expander Chain Length                               ; 4              ; 4             ;
; Auto Parallel Expanders                                      ; On             ; On            ;
; Auto Open-Drain Pins                                         ; On             ; On            ;
; Auto Resource Sharing                                        ; Off            ; Off           ;
; Maximum Fan-in Per Macrocell                                 ; 100            ; 100           ;
; Use LogicLock Constraints during Resource Balancing          ; On             ; On            ;
; Ignore translate_off and synthesis_off directives            ; Off            ; Off           ;
; Show Parameter Settings Tables in Synthesis Report           ; On             ; On            ;
; HDL message level                                            ; Level2         ; Level2        ;
; Suppress Register Optimization Related Messages              ; Off            ; Off           ;
; Number of Removed Registers Reported in Synthesis Report     ; 5000           ; 5000          ;
; Number of Inverted Registers Reported in Synthesis Report    ; 100            ; 100           ;
; Block Design Naming                                          ; Auto           ; Auto          ;
; Synthesis Effort                                             ; Auto           ; Auto          ;
; Shift Register Replacement - Allow Asynchronous Clear Signal ; On             ; On            ;
; Analysis & Synthesis Message Level                           ; Medium         ; Medium        ;
+--------------------------------------------------------------+----------------+---------------+


+----------------------------------------------------------------------------------------------------------------------------------------------------------------------+
; Analysis & Synthesis Source Files Read                                                                                                                               ;
+----------------------------------+-----------------+------------------------------------------+----------------------------------------------------------------------+
; File Name with User-Entered Path ; Used in Netlist ; File Type                                ; File Name with Absolute Path                                         ;
+----------------------------------+-----------------+------------------------------------------+----------------------------------------------------------------------+
; lpm_counter0.vhd                 ; yes             ; User Wizard-Generated File               ; Z:/ENGN3050/tutorial3/lpm_counter0.vhd                               ;
; tutorial3.bdf                    ; yes             ; User Block Diagram/Schematic File        ; Z:/ENGN3050/tutorial3/tutorial3.bdf                                  ;
; BCD7SEG.bdf                      ; yes             ; Auto-Found Block Diagram/Schematic File  ; Z:/ENGN3050/tutorial3/BCD7SEG.bdf                                    ;
; lpm_mux0.vhd                     ; yes             ; Auto-Found Wizard-Generated File         ; Z:/ENGN3050/tutorial3/lpm_mux0.vhd                                   ;
; lpm_mux.tdf                      ; yes             ; Megafunction                             ; c:/altera/90/quartus/libraries/megafunctions/lpm_mux.tdf             ;
; aglobal90.inc                    ; yes             ; Megafunction                             ; c:/altera/90/quartus/libraries/megafunctions/aglobal90.inc           ;
; muxlut.inc                       ; yes             ; Megafunction                             ; c:/altera/90/quartus/libraries/megafunctions/muxlut.inc              ;
; bypassff.inc                     ; yes             ; Megafunction                             ; c:/altera/90/quartus/libraries/megafunctions/bypassff.inc            ;
; altshift.inc                     ; yes             ; Megafunction                             ; c:/altera/90/quartus/libraries/megafunctions/altshift.inc            ;
; altshift.tdf                     ; yes             ; Megafunction                             ; c:/altera/90/quartus/libraries/megafunctions/altshift.tdf            ;
; muxlut.tdf                       ; yes             ; Megafunction                             ; c:/altera/90/quartus/libraries/megafunctions/muxlut.tdf              ;
; lpm_counter.tdf                  ; yes             ; Megafunction                             ; c:/altera/90/quartus/libraries/megafunctions/lpm_counter.tdf         ;
; lpm_constant.inc                 ; yes             ; Megafunction                             ; c:/altera/90/quartus/libraries/megafunctions/lpm_constant.inc        ;
; lpm_decode.inc                   ; yes             ; Megafunction                             ; c:/altera/90/quartus/libraries/megafunctions/lpm_decode.inc          ;
; lpm_add_sub.inc                  ; yes             ; Megafunction                             ; c:/altera/90/quartus/libraries/megafunctions/lpm_add_sub.inc         ;
; cmpconst.inc                     ; yes             ; Megafunction                             ; c:/altera/90/quartus/libraries/megafunctions/cmpconst.inc            ;
; lpm_compare.inc                  ; yes             ; Megafunction                             ; c:/altera/90/quartus/libraries/megafunctions/lpm_compare.inc         ;
; lpm_counter.inc                  ; yes             ; Megafunction                             ; c:/altera/90/quartus/libraries/megafunctions/lpm_counter.inc         ;
; dffeea.inc                       ; yes             ; Megafunction                             ; c:/altera/90/quartus/libraries/megafunctions/dffeea.inc              ;
; alt_synch_counter.inc            ; yes             ; Megafunction                             ; c:/altera/90/quartus/libraries/megafunctions/alt_synch_counter.inc   ;
; alt_synch_counter_f.inc          ; yes             ; Megafunction                             ; c:/altera/90/quartus/libraries/megafunctions/alt_synch_counter_f.inc ;
; alt_counter_f10ke.inc            ; yes             ; Megafunction                             ; c:/altera/90/quartus/libraries/megafunctions/alt_counter_f10ke.inc   ;
; alt_counter_stratix.inc          ; yes             ; Megafunction                             ; c:/altera/90/quartus/libraries/megafunctions/alt_counter_stratix.inc ;
+----------------------------------+-----------------+------------------------------------------+----------------------------------------------------------------------+


+----------------------------------------------------------------------------+
; Source assignments for lpm_counter0:inst|lpm_counter:lpm_counter_component ;
+---------------------------+-------+------+---------------------------------+
; Assignment                ; Value ; From ; To                              ;
+---------------------------+-------+------+---------------------------------+
; SUPPRESS_DA_RULE_INTERNAL ; a101  ; -    ; -                               ;
; SUPPRESS_DA_RULE_INTERNAL ; s102  ; -    ; -                               ;
; SUPPRESS_DA_RULE_INTERNAL ; s103  ; -    ; -                               ;
+---------------------------+-------+------+---------------------------------+


+--------------------------------------------------------------------------------------------------------+
; Parameter Settings for User Entity Instance: BCD7SEG:BCD7SEG_1|lpm_mux0:inst|lpm_mux:lpm_mux_component ;
+------------------------+----------+--------------------------------------------------------------------+
; Parameter Name         ; Value    ; Type                                                               ;
+------------------------+----------+--------------------------------------------------------------------+
; AUTO_CARRY_CHAINS      ; ON       ; AUTO_CARRY                                                         ;
; IGNORE_CARRY_BUFFERS   ; OFF      ; IGNORE_CARRY                                                       ;
; AUTO_CASCADE_CHAINS    ; ON       ; AUTO_CASCADE                                                       ;
; IGNORE_CASCADE_BUFFERS ; OFF      ; IGNORE_CASCADE                                                     ;
; LPM_WIDTH              ; 1        ; Signed Integer                                                     ;
; LPM_SIZE               ; 4        ; Signed Integer                                                     ;
; LPM_WIDTHS             ; 2        ; Signed Integer                                                     ;
; LPM_PIPELINE           ; 0        ; Untyped                                                            ;
; CBXI_PARAMETER         ; mux_pbc  ; Untyped                                                            ;
; DEVICE_FAMILY          ; MAX7000S ; Untyped                                                            ;
+------------------------+----------+--------------------------------------------------------------------+
Note: In order to hide this table in the UI and the text report file, please set the "Show Parameter Settings Tables in Synthesis Report" option in "Analysis and Synthesis Settings -> More Settings" to "Off".


+---------------------------------------------------------------------------------------------------------+
; Parameter Settings for User Entity Instance: BCD7SEG:BCD7SEG_1|lpm_mux0:inst4|lpm_mux:lpm_mux_component ;
+------------------------+----------+---------------------------------------------------------------------+
; Parameter Name         ; Value    ; Type                                                                ;
+------------------------+----------+---------------------------------------------------------------------+
; AUTO_CARRY_CHAINS      ; ON       ; AUTO_CARRY                                                          ;
; IGNORE_CARRY_BUFFERS   ; OFF      ; IGNORE_CARRY                                                        ;
; AUTO_CASCADE_CHAINS    ; ON       ; AUTO_CASCADE                                                        ;
; IGNORE_CASCADE_BUFFERS ; OFF      ; IGNORE_CASCADE                                                      ;
; LPM_WIDTH              ; 1        ; Signed Integer                                                      ;
; LPM_SIZE               ; 4        ; Signed Integer                                                      ;
; LPM_WIDTHS             ; 2        ; Signed Integer                                                      ;
; LPM_PIPELINE           ; 0        ; Untyped                                                             ;
; CBXI_PARAMETER         ; mux_pbc  ; Untyped                                                             ;
; DEVICE_FAMILY          ; MAX7000S ; Untyped                                                             ;
+------------------------+----------+---------------------------------------------------------------------+
Note: In order to hide this table in the UI and the text report file, please set the "Show Parameter Settings Tables in Synthesis Report" option in "Analysis and Synthesis Settings -> More Settings" to "Off".


+---------------------------------------------------------------------------------------------------------+
; Parameter Settings for User Entity Instance: BCD7SEG:BCD7SEG_1|lpm_mux0:inst9|lpm_mux:lpm_mux_component ;
+------------------------+----------+---------------------------------------------------------------------+
; Parameter Name         ; Value    ; Type                                                                ;
+------------------------+----------+---------------------------------------------------------------------+
; AUTO_CARRY_CHAINS      ; ON       ; AUTO_CARRY                                                          ;
; IGNORE_CARRY_BUFFERS   ; OFF      ; IGNORE_CARRY                                                        ;
; AUTO_CASCADE_CHAINS    ; ON       ; AUTO_CASCADE                                                        ;
; IGNORE_CASCADE_BUFFERS ; OFF      ; IGNORE_CASCADE                                                      ;
; LPM_WIDTH              ; 1        ; Signed Integer                                                      ;
; LPM_SIZE               ; 4        ; Signed Integer                                                      ;
; LPM_WIDTHS             ; 2        ; Signed Integer                                                      ;
; LPM_PIPELINE           ; 0        ; Untyped                                                             ;
; CBXI_PARAMETER         ; mux_pbc  ; Untyped                                                             ;
; DEVICE_FAMILY          ; MAX7000S ; Untyped                                                             ;
+------------------------+----------+---------------------------------------------------------------------+
Note: In order to hide this table in the UI and the text report file, please set the "Show Parameter Settings Tables in Synthesis Report" option in "Analysis and Synthesis Settings -> More Settings" to "Off".


+----------------------------------------------------------------------------------------------------------+
; Parameter Settings for User Entity Instance: BCD7SEG:BCD7SEG_1|lpm_mux0:inst14|lpm_mux:lpm_mux_component ;
+------------------------+----------+----------------------------------------------------------------------+
; Parameter Name         ; Value    ; Type                                                                 ;
+------------------------+----------+----------------------------------------------------------------------+
; AUTO_CARRY_CHAINS      ; ON       ; AUTO_CARRY                                                           ;
; IGNORE_CARRY_BUFFERS   ; OFF      ; IGNORE_CARRY                                                         ;
; AUTO_CASCADE_CHAINS    ; ON       ; AUTO_CASCADE                                                         ;
; IGNORE_CASCADE_BUFFERS ; OFF      ; IGNORE_CASCADE                                                       ;
; LPM_WIDTH              ; 1        ; Signed Integer                                                       ;
; LPM_SIZE               ; 4        ; Signed Integer                                                       ;
; LPM_WIDTHS             ; 2        ; Signed Integer                                                       ;
; LPM_PIPELINE           ; 0        ; Untyped                                                              ;
; CBXI_PARAMETER         ; mux_pbc  ; Untyped                                                              ;
; DEVICE_FAMILY          ; MAX7000S ; Untyped                                                              ;
+------------------------+----------+----------------------------------------------------------------------+
Note: In order to hide this table in the UI and the text report file, please set the "Show Parameter Settings Tables in Synthesis Report" option in "Analysis and Synthesis Settings -> More Settings" to "Off".


+----------------------------------------------------------------------------------------------------------+
; Parameter Settings for User Entity Instance: BCD7SEG:BCD7SEG_1|lpm_mux0:inst19|lpm_mux:lpm_mux_component ;
+------------------------+----------+----------------------------------------------------------------------+
; Parameter Name         ; Value    ; Type                                                                 ;
+------------------------+----------+----------------------------------------------------------------------+
; AUTO_CARRY_CHAINS      ; ON       ; AUTO_CARRY                                                           ;
; IGNORE_CARRY_BUFFERS   ; OFF      ; IGNORE_CARRY                                                         ;
; AUTO_CASCADE_CHAINS    ; ON       ; AUTO_CASCADE                                                         ;
; IGNORE_CASCADE_BUFFERS ; OFF      ; IGNORE_CASCADE                                                       ;
; LPM_WIDTH              ; 1        ; Signed Integer                                                       ;
; LPM_SIZE               ; 4        ; Signed Integer                                                       ;
; LPM_WIDTHS             ; 2        ; Signed Integer                                                       ;
; LPM_PIPELINE           ; 0        ; Untyped                                                              ;
; CBXI_PARAMETER         ; mux_pbc  ; Untyped                                                              ;
; DEVICE_FAMILY          ; MAX7000S ; Untyped                                                              ;
+------------------------+----------+----------------------------------------------------------------------+
Note: In order to hide this table in the UI and the text report file, please set the "Show Parameter Settings Tables in Synthesis Report" option in "Analysis and Synthesis Settings -> More Settings" to "Off".


+----------------------------------------------------------------------------------------------------------+
; Parameter Settings for User Entity Instance: BCD7SEG:BCD7SEG_1|lpm_mux0:inst20|lpm_mux:lpm_mux_component ;
+------------------------+----------+----------------------------------------------------------------------+
; Parameter Name         ; Value    ; Type                                                                 ;
+------------------------+----------+----------------------------------------------------------------------+
; AUTO_CARRY_CHAINS      ; ON       ; AUTO_CARRY                                                           ;
; IGNORE_CARRY_BUFFERS   ; OFF      ; IGNORE_CARRY                                                         ;
; AUTO_CASCADE_CHAINS    ; ON       ; AUTO_CASCADE                                                         ;
; IGNORE_CASCADE_BUFFERS ; OFF      ; IGNORE_CASCADE                                                       ;
; LPM_WIDTH              ; 1        ; Signed Integer                                                       ;
; LPM_SIZE               ; 4        ; Signed Integer                                                       ;
; LPM_WIDTHS             ; 2        ; Signed Integer                                                       ;
; LPM_PIPELINE           ; 0        ; Untyped                                                              ;
; CBXI_PARAMETER         ; mux_pbc  ; Untyped                                                              ;
; DEVICE_FAMILY          ; MAX7000S ; Untyped                                                              ;
+------------------------+----------+----------------------------------------------------------------------+
Note: In order to hide this table in the UI and the text report file, please set the "Show Parameter Settings Tables in Synthesis Report" option in "Analysis and Synthesis Settings -> More Settings" to "Off".


+----------------------------------------------------------------------------------------------------------+
; Parameter Settings for User Entity Instance: BCD7SEG:BCD7SEG_1|lpm_mux0:inst25|lpm_mux:lpm_mux_component ;
+------------------------+----------+----------------------------------------------------------------------+
; Parameter Name         ; Value    ; Type                                                                 ;
+------------------------+----------+----------------------------------------------------------------------+
; AUTO_CARRY_CHAINS      ; ON       ; AUTO_CARRY                                                           ;
; IGNORE_CARRY_BUFFERS   ; OFF      ; IGNORE_CARRY                                                         ;
; AUTO_CASCADE_CHAINS    ; ON       ; AUTO_CASCADE                                                         ;
; IGNORE_CASCADE_BUFFERS ; OFF      ; IGNORE_CASCADE                                                       ;
; LPM_WIDTH              ; 1        ; Signed Integer                                                       ;
; LPM_SIZE               ; 4        ; Signed Integer                                                       ;
; LPM_WIDTHS             ; 2        ; Signed Integer                                                       ;
; LPM_PIPELINE           ; 0        ; Untyped                                                              ;
; CBXI_PARAMETER         ; mux_pbc  ; Untyped                                                              ;
; DEVICE_FAMILY          ; MAX7000S ; Untyped                                                              ;
+------------------------+----------+----------------------------------------------------------------------+
Note: In order to hide this table in the UI and the text report file, please set the "Show Parameter Settings Tables in Synthesis Report" option in "Analysis and Synthesis Settings -> More Settings" to "Off".


+--------------------------------------------------------------------------------------------------+
; Parameter Settings for User Entity Instance: lpm_counter0:inst|lpm_counter:lpm_counter_component ;
+------------------------+-------------+-----------------------------------------------------------+
; Parameter Name         ; Value       ; Type                                                      ;
+------------------------+-------------+-----------------------------------------------------------+
; AUTO_CARRY_CHAINS      ; ON          ; AUTO_CARRY                                                ;
; IGNORE_CARRY_BUFFERS   ; OFF         ; IGNORE_CARRY                                              ;
; AUTO_CASCADE_CHAINS    ; ON          ; AUTO_CASCADE                                              ;
; IGNORE_CASCADE_BUFFERS ; OFF         ; IGNORE_CASCADE                                            ;
; LPM_WIDTH              ; 4           ; Signed Integer                                            ;
; LPM_DIRECTION          ; UP          ; Untyped                                                   ;
; LPM_MODULUS            ; 0           ; Untyped                                                   ;
; LPM_AVALUE             ; UNUSED      ; Untyped                                                   ;
; LPM_SVALUE             ; UNUSED      ; Untyped                                                   ;
; LPM_PORT_UPDOWN        ; PORT_UNUSED ; Untyped                                                   ;
; DEVICE_FAMILY          ; MAX7000S    ; Untyped                                                   ;
; CARRY_CHAIN            ; MANUAL      ; Untyped                                                   ;
; CARRY_CHAIN_LENGTH     ; 48          ; CARRY_CHAIN_LENGTH                                        ;
; NOT_GATE_PUSH_BACK     ; ON          ; NOT_GATE_PUSH_BACK                                        ;
; CARRY_CNT_EN           ; SMART       ; Untyped                                                   ;
; LABWIDE_SCLR           ; ON          ; Untyped                                                   ;
; USE_NEW_VERSION        ; TRUE        ; Untyped                                                   ;
; CBXI_PARAMETER         ; NOTHING     ; Untyped                                                   ;
+------------------------+-------------+-----------------------------------------------------------+
Note: In order to hide this table in the UI and the text report file, please set the "Show Parameter Settings Tables in Synthesis Report" option in "Analysis and Synthesis Settings -> More Settings" to "Off".


+-------------------------------+
; Analysis & Synthesis Messages ;
+-------------------------------+
Info: *******************************************************************
Info: Running Quartus II Analysis & Synthesis
    Info: Version 9.0 Build 235 06/17/2009 Service Pack 2 SJ Full Version
    Info: Processing started: Thu Nov 08 12:20:41 2012
Info: Command: quartus_map --read_settings_files=on --write_settings_files=off tutorial3 -c tutorial3
Info: Found 2 design units, including 1 entities, in source file lpm_counter0.vhd
    Info: Found design unit 1: lpm_counter0-SYN
    Info: Found entity 1: lpm_counter0
Info: Found 1 design units, including 1 entities, in source file tutorial3.bdf
    Info: Found entity 1: tutorial3
Info: Elaborating entity "tutorial3" for the top level hierarchy
Warning: Using design file BCD7SEG.bdf, which is not specified as a design file for the current project, but contains definitions for 1 design units and 1 entities in project
    Info: Found entity 1: BCD7SEG
Info: Elaborating entity "BCD7SEG" for hierarchy "BCD7SEG:BCD7SEG_1"
Warning: Using design file lpm_mux0.vhd, which is not specified as a design file for the current project, but contains definitions for 2 design units and 1 entities in project
    Info: Found design unit 1: lpm_mux0-SYN
    Info: Found entity 1: lpm_mux0
Info: Elaborating entity "lpm_mux0" for hierarchy "BCD7SEG:BCD7SEG_1|lpm_mux0:inst"
Info: Elaborating entity "lpm_mux" for hierarchy "BCD7SEG:BCD7SEG_1|lpm_mux0:inst|lpm_mux:lpm_mux_component"
Info: Elaborated megafunction instantiation "BCD7SEG:BCD7SEG_1|lpm_mux0:inst|lpm_mux:lpm_mux_component"
Info: Instantiated megafunction "BCD7SEG:BCD7SEG_1|lpm_mux0:inst|lpm_mux:lpm_mux_component" with the following parameter:
    Info: Parameter "lpm_size" = "4"
    Info: Parameter "lpm_type" = "LPM_MUX"
    Info: Parameter "lpm_width" = "1"
    Info: Parameter "lpm_widths" = "2"
Info: Elaborating entity "altshift" for hierarchy "BCD7SEG:BCD7SEG_1|lpm_mux0:inst|lpm_mux:lpm_mux_component|altshift:external_latency_ffs"
Info: Elaborated megafunction instantiation "BCD7SEG:BCD7SEG_1|lpm_mux0:inst|lpm_mux:lpm_mux_component|altshift:external_latency_ffs", which is child of megafunction instantiation "BCD7SEG:BCD7SEG_1|lpm_mux0:inst|lpm_mux:lpm_mux_component"
Info: Elaborating entity "muxlut" for hierarchy "BCD7SEG:BCD7SEG_1|lpm_mux0:inst|lpm_mux:lpm_mux_component|muxlut:$00009"
Info: Elaborated megafunction instantiation "BCD7SEG:BCD7SEG_1|lpm_mux0:inst|lpm_mux:lpm_mux_component|muxlut:$00009", which is child of megafunction instantiation "BCD7SEG:BCD7SEG_1|lpm_mux0:inst|lpm_mux:lpm_mux_component"
Info: Elaborating entity "lpm_counter0" for hierarchy "lpm_counter0:inst"
Info: Elaborating entity "lpm_counter" for hierarchy "lpm_counter0:inst|lpm_counter:lpm_counter_component"
Info: Elaborated megafunction instantiation "lpm_counter0:inst|lpm_counter:lpm_counter_component"
Info: Instantiated megafunction "lpm_counter0:inst|lpm_counter:lpm_counter_component" with the following parameter:
    Info: Parameter "lpm_direction" = "UP"
    Info: Parameter "lpm_port_updown" = "PORT_UNUSED"
    Info: Parameter "lpm_type" = "LPM_COUNTER"
    Info: Parameter "lpm_width" = "4"
Error: Port "cnt_en" does not exist in macrofunction "inst"
Error: Quartus II Analysis & Synthesis was unsuccessful. 1 error, 2 warnings
    Error: Peak virtual memory: 282 megabytes
    Error: Processing ended: Thu Nov 08 12:20:48 2012
    Error: Elapsed time: 00:00:07
    Error: Total CPU time (on all processors): 00:00:02


